 ErrorResults 
  stamp : 2025-11-29T17:41:10Z
  target_type : Ring_red
  model_name : Ring_red
  pose : 
       - position : [-9.97281 , 18.9204 , 2.94818]
       - orientation : [0.707107 , 0.707107 , 1.11722e-07 , -8.20328e-08]
  RingCirclePositionError : 0.698512
  position_error : 0.0987608
  orientation_error : 0
  found_in_gazebo : 1

 ErrorResults 
  stamp : 2025-11-29T17:41:10Z
  target_type : Ring_red
  model_name : Ring_red
  pose : 
       - position : [-9.65084 , 18.3079 , 2.8531]
       - orientation : [0.707107 , 0.707107 , -3.77607e-07 , 2.64892e-07]
  RingCirclePositionError : 0
  position_error : 0.0987608
  orientation_error : 1.26931e-06
  found_in_gazebo : 1

 ErrorResults 
  stamp : 2025-11-29T17:41:11Z
  target_type : Ring_red
  model_name : Ring_red
  pose : 
       - position : [-9.97281 , 18.9204 , 2.94818]
       - orientation : [0.707107 , 0.707107 , 1.11722e-07 , -8.20328e-08]
  RingCirclePositionError : 0.698512
  position_error : 0.0987608
  orientation_error : 0
  found_in_gazebo : 1

 ErrorResults 
  stamp : 2025-11-29T17:41:11Z
  target_type : Ring_red
  model_name : Ring_red
  pose : 
       - position : [-9.65084 , 18.3079 , 2.8531]
       - orientation : [0.707107 , 0.707107 , -3.77607e-07 , 2.64892e-07]
  RingCirclePositionError : 0
  position_error : 0.0987608
  orientation_error : 1.26931e-06
  found_in_gazebo : 1

 ErrorResults 
  stamp : 2025-11-29T17:41:11Z
  target_type : Ring_red
  model_name : Ring_red
  pose : 
       - position : [-9.97281 , 18.9204 , 2.94818]
       - orientation : [0.707107 , 0.707107 , 1.11722e-07 , -8.20328e-08]
  RingCirclePositionError : 0.698512
  position_error : 0.0987608
  orientation_error : 0
  found_in_gazebo : 1

 ErrorResults 
  stamp : 2025-11-29T17:41:11Z
  target_type : Ring_red
  model_name : Ring_red
  pose : 
       - position : [-9.65084 , 18.3079 , 2.8531]
       - orientation : [0.707107 , 0.707107 , -3.77607e-07 , 2.64892e-07]
  RingCirclePositionError : 0
  position_error : 0.0987608
  orientation_error : 1.26931e-06
  found_in_gazebo : 1

 ErrorResults 
  stamp : 2025-11-29T17:41:12Z
  target_type : Ring_red
  model_name : Ring_red
  pose : 
       - position : [-9.97281 , 18.9204 , 2.94818]
       - orientation : [0.707107 , 0.707107 , 1.11722e-07 , -8.20328e-08]
  RingCirclePositionError : 0.698512
  position_error : 0.0987608
  orientation_error : 0
  found_in_gazebo : 1

 ErrorResults 
  stamp : 2025-11-29T17:41:12Z
  target_type : Ring_red
  model_name : Ring_red
  pose : 
       - position : [-9.65084 , 18.3079 , 2.8531]
       - orientation : [0.707107 , 0.707107 , -3.77607e-07 , 2.64892e-07]
  RingCirclePositionError : 0
  position_error : 0.0987608
  orientation_error : 1.26931e-06
  found_in_gazebo : 1

 ErrorResults 
  stamp : 2025-11-29T17:41:12Z
  target_type : Ring_red
  model_name : Ring_red
  pose : 
       - position : [-9.97281 , 18.9204 , 2.94818]
       - orientation : [0.707107 , 0.707107 , 1.11722e-07 , -8.20328e-08]
  RingCirclePositionError : 0.698512
  position_error : 0.0987608
  orientation_error : 0
  found_in_gazebo : 1

 ErrorResults 
  stamp : 2025-11-29T17:41:12Z
  target_type : Ring_red
  model_name : Ring_red
  pose : 
       - position : [-9.65084 , 18.3079 , 2.8531]
       - orientation : [0.707107 , 0.707107 , -3.77607e-07 , 2.64892e-07]
  RingCirclePositionError : 0
  position_error : 0.0987608
  orientation_error : 1.26931e-06
  found_in_gazebo : 1

 ErrorResults 
  stamp : 2025-11-29T17:41:13Z
  target_type : Ring_red
  model_name : Ring_red
  pose : 
       - position : [-9.97281 , 18.9204 , 2.94818]
       - orientation : [0.707107 , 0.707107 , 1.11722e-07 , -8.20328e-08]
  RingCirclePositionError : 0.698512
  position_error : 0.0987608
  orientation_error : 0
  found_in_gazebo : 1

 ErrorResults 
  stamp : 2025-11-29T17:41:13Z
  target_type : Ring_red
  model_name : Ring_red
  pose : 
       - position : [-9.65084 , 18.3079 , 2.8531]
       - orientation : [0.707107 , 0.707107 , -3.77607e-07 , 2.64892e-07]
  RingCirclePositionError : 0
  position_error : 0.0987608
  orientation_error : 1.26931e-06
  found_in_gazebo : 1

 ErrorResults 
  stamp : 2025-11-29T17:41:13Z
  target_type : Ring_red
  model_name : Ring_red
  pose : 
       - position : [-9.97281 , 18.9204 , 2.94818]
       - orientation : [0.707107 , 0.707107 , 1.11722e-07 , -8.20328e-08]
  RingCirclePositionError : 0.698512
  position_error : 0.0987608
  orientation_error : 0
  found_in_gazebo : 1

 ErrorResults 
  stamp : 2025-11-29T17:41:13Z
  target_type : Ring_red
  model_name : Ring_red
  pose : 
       - position : [-9.65084 , 18.3079 , 2.8531]
       - orientation : [0.707107 , 0.707107 , -3.77607e-07 , 2.64892e-07]
  RingCirclePositionError : 0
  position_error : 0.0987608
  orientation_error : 1.26931e-06
  found_in_gazebo : 1

 ErrorResults 
  stamp : 2025-11-29T17:41:14Z
  target_type : Ring_red
  model_name : Ring_red
  pose : 
       - position : [-9.97281 , 18.9204 , 2.94818]
       - orientation : [0.707107 , 0.707107 , 1.11722e-07 , -8.20328e-08]
  RingCirclePositionError : 0.698512
  position_error : 0.0987608
  orientation_error : 0
  found_in_gazebo : 1

 ErrorResults 
  stamp : 2025-11-29T17:41:14Z
  target_type : Ring_red
  model_name : Ring_red
  pose : 
       - position : [-9.65084 , 18.3079 , 2.8531]
       - orientation : [0.707107 , 0.707107 , -3.77607e-07 , 2.64892e-07]
  RingCirclePositionError : 0
  position_error : 0.0987608
  orientation_error : 1.26931e-06
  found_in_gazebo : 1

 ErrorResults 
  stamp : 2025-11-29T17:41:14Z
  target_type : Ring_red
  model_name : Ring_red
  pose : 
       - position : [-9.97281 , 18.9204 , 2.94818]
       - orientation : [0.707107 , 0.707107 , 1.11722e-07 , -8.20328e-08]
  RingCirclePositionError : 0.698512
  position_error : 0.0987608
  orientation_error : 0
  found_in_gazebo : 1

 ErrorResults 
  stamp : 2025-11-29T17:41:14Z
  target_type : Ring_red
  model_name : Ring_red
  pose : 
       - position : [-9.65084 , 18.3079 , 2.8531]
       - orientation : [0.707107 , 0.707107 , -3.77607e-07 , 2.64892e-07]
  RingCirclePositionError : 0
  position_error : 0.0987608
  orientation_error : 1.26931e-06
  found_in_gazebo : 1

 ErrorResults 
  stamp : 2025-11-29T17:41:15Z
  target_type : Ring_red
  model_name : Ring_red
  pose : 
       - position : [-9.97281 , 18.9204 , 2.94818]
       - orientation : [0.707107 , 0.707107 , 1.11722e-07 , -8.20328e-08]
  RingCirclePositionError : 0.698512
  position_error : 0.0987608
  orientation_error : 0
  found_in_gazebo : 1

 ErrorResults 
  stamp : 2025-11-29T17:41:15Z
  target_type : Ring_red
  model_name : Ring_red
  pose : 
       - position : [-9.65084 , 18.3079 , 2.8531]
       - orientation : [0.707107 , 0.707107 , -3.77607e-07 , 2.64892e-07]
  RingCirclePositionError : 0
  position_error : 0.0987608
  orientation_error : 1.26931e-06
  found_in_gazebo : 1

 ErrorResults 
  stamp : 2025-11-29T17:41:15Z
  target_type : Ring_red
  model_name : Ring_red
  pose : 
       - position : [-9.97281 , 18.9204 , 2.94818]
       - orientation : [0.707107 , 0.707107 , 1.11722e-07 , -8.20328e-08]
  RingCirclePositionError : 0.698512
  position_error : 0.0987608
  orientation_error : 0
  found_in_gazebo : 1

 ErrorResults 
  stamp : 2025-11-29T17:41:15Z
  target_type : Ring_red
  model_name : Ring_red
  pose : 
       - position : [-9.65084 , 18.3079 , 2.8531]
       - orientation : [0.707107 , 0.707107 , -3.77607e-07 , 2.64892e-07]
  RingCirclePositionError : 0
  position_error : 0.0987608
  orientation_error : 1.26931e-06
  found_in_gazebo : 1

 ErrorResults 
  stamp : 2025-11-29T17:41:17Z
  target_type : Ring_red
  model_name : Ring_red
  pose : 
       - position : [-9.97281 , 18.9204 , 2.94818]
       - orientation : [0.707107 , 0.707107 , 1.11722e-07 , -8.20328e-08]
  RingCirclePositionError : 0.698512
  position_error : 0.0987608
  orientation_error : 0
  found_in_gazebo : 1

 ErrorResults 
  stamp : 2025-11-29T17:41:17Z
  target_type : Ring_red
  model_name : Ring_red
  pose : 
       - position : [-9.65084 , 18.3079 , 2.8531]
       - orientation : [0.707107 , 0.707107 , -3.77607e-07 , 2.64892e-07]
  RingCirclePositionError : 0
  position_error : 0.0987608
  orientation_error : 1.26931e-06
  found_in_gazebo : 1

 ErrorResults 
  stamp : 2025-11-29T17:41:17Z
  target_type : Ring_red
  model_name : Ring_red
  pose : 
       - position : [-9.97281 , 18.9204 , 2.94818]
       - orientation : [0.707107 , 0.707107 , 1.11722e-07 , -8.20328e-08]
  RingCirclePositionError : 0.698512
  position_error : 0.0987608
  orientation_error : 0
  found_in_gazebo : 1

 ErrorResults 
  stamp : 2025-11-29T17:41:17Z
  target_type : Ring_red
  model_name : Ring_red
  pose : 
       - position : [-9.65084 , 18.3079 , 2.8531]
       - orientation : [0.707107 , 0.707107 , -3.77607e-07 , 2.64892e-07]
  RingCirclePositionError : 0
  position_error : 0.0987608
  orientation_error : 1.26931e-06
  found_in_gazebo : 1

 ErrorResults 
  stamp : 2025-11-29T17:41:18Z
  target_type : Ring_red
  model_name : Ring_red
  pose : 
       - position : [-9.97281 , 18.9204 , 2.94818]
       - orientation : [0.707107 , 0.707107 , 1.11722e-07 , -8.20328e-08]
  RingCirclePositionError : 0.698512
  position_error : 0.0987608
  orientation_error : 0
  found_in_gazebo : 1

 ErrorResults 
  stamp : 2025-11-29T17:41:18Z
  target_type : Ring_red
  model_name : Ring_red
  pose : 
       - position : [-9.65084 , 18.3079 , 2.8531]
       - orientation : [0.707107 , 0.707107 , -3.77607e-07 , 2.64892e-07]
  RingCirclePositionError : 0
  position_error : 0.0987608
  orientation_error : 1.26931e-06
  found_in_gazebo : 1

 ErrorResults 
  stamp : 2025-11-29T17:41:18Z
  target_type : Ring_red
  model_name : Ring_red
  pose : 
       - position : [-9.97281 , 18.9204 , 2.94818]
       - orientation : [0.707107 , 0.707107 , 1.11722e-07 , -8.20328e-08]
  RingCirclePositionError : 0.698512
  position_error : 0.0987608
  orientation_error : 0
  found_in_gazebo : 1

 ErrorResults 
  stamp : 2025-11-29T17:41:18Z
  target_type : Ring_red
  model_name : Ring_red
  pose : 
       - position : [-9.65084 , 18.3079 , 2.8531]
       - orientation : [0.707107 , 0.707107 , -3.77607e-07 , 2.64892e-07]
  RingCirclePositionError : 0
  position_error : 0.0987608
  orientation_error : 1.26931e-06
  found_in_gazebo : 1

 ErrorResults 
  stamp : 2025-11-29T17:41:19Z
  target_type : Ring_red
  model_name : Ring_red
  pose : 
       - position : [-9.97281 , 18.9204 , 2.94818]
       - orientation : [0.707107 , 0.707107 , 1.11722e-07 , -8.20328e-08]
  RingCirclePositionError : 0.698512
  position_error : 0.0987608
  orientation_error : 0
  found_in_gazebo : 1

 ErrorResults 
  stamp : 2025-11-29T17:41:19Z
  target_type : Ring_red
  model_name : Ring_red
  pose : 
       - position : [-9.65084 , 18.3079 , 2.8531]
       - orientation : [0.707107 , 0.707107 , -3.77607e-07 , 2.64892e-07]
  RingCirclePositionError : 0
  position_error : 0.0987608
  orientation_error : 1.26931e-06
  found_in_gazebo : 1

 ErrorResults 
  stamp : 2025-11-29T17:41:19Z
  target_type : Ring_red
  model_name : Ring_red
  pose : 
       - position : [-9.97281 , 18.9204 , 2.94818]
       - orientation : [0.707107 , 0.707107 , 1.11722e-07 , -8.20328e-08]
  RingCirclePositionError : 0.698512
  position_error : 0.0987608
  orientation_error : 0
  found_in_gazebo : 1

 ErrorResults 
  stamp : 2025-11-29T17:41:19Z
  target_type : Ring_red
  model_name : Ring_red
  pose : 
       - position : [-9.65084 , 18.3079 , 2.8531]
       - orientation : [0.707107 , 0.707107 , -3.77607e-07 , 2.64892e-07]
  RingCirclePositionError : 0
  position_error : 0.0987608
  orientation_error : 1.26931e-06
  found_in_gazebo : 1

 ErrorResults 
  stamp : 2025-11-29T17:41:22Z
  target_type : Ring_red
  model_name : Ring_red
  pose : 
       - position : [-9.97281 , 18.9204 , 2.94818]
       - orientation : [0.707107 , 0.707107 , 1.11722e-07 , -8.20328e-08]
  RingCirclePositionError : 0.698512
  position_error : 0.0987608
  orientation_error : 0
  found_in_gazebo : 1

 ErrorResults 
  stamp : 2025-11-29T17:41:22Z
  target_type : Ring_red
  model_name : Ring_red
  pose : 
       - position : [-9.65084 , 18.3079 , 2.8531]
       - orientation : [0.707107 , 0.707107 , -3.77607e-07 , 2.64892e-07]
  RingCirclePositionError : 0
  position_error : 0.0987608
  orientation_error : 1.26931e-06
  found_in_gazebo : 1

 ErrorResults 
  stamp : 2025-11-29T17:41:22Z
  target_type : Ring_red
  model_name : Ring_red
  pose : 
       - position : [-9.97281 , 18.9204 , 2.94818]
       - orientation : [0.707107 , 0.707107 , 1.11722e-07 , -8.20328e-08]
  RingCirclePositionError : 0.698512
  position_error : 0.0987608
  orientation_error : 0
  found_in_gazebo : 1

 ErrorResults 
  stamp : 2025-11-29T17:41:22Z
  target_type : Ring_red
  model_name : Ring_red
  pose : 
       - position : [-9.65084 , 18.3079 , 2.8531]
       - orientation : [0.707107 , 0.707107 , -3.77607e-07 , 2.64892e-07]
  RingCirclePositionError : 0
  position_error : 0.0987608
  orientation_error : 1.26931e-06
  found_in_gazebo : 1

 ErrorResults 
  stamp : 2025-11-29T17:41:23Z
  target_type : Ring_red
  model_name : Ring_red
  pose : 
       - position : [-9.97281 , 18.9204 , 2.94818]
       - orientation : [0.707107 , 0.707107 , 1.11722e-07 , -8.20328e-08]
  RingCirclePositionError : 0.698512
  position_error : 0.0987608
  orientation_error : 0
  found_in_gazebo : 1

 ErrorResults 
  stamp : 2025-11-29T17:41:23Z
  target_type : Ring_red
  model_name : Ring_red
  pose : 
       - position : [-9.65084 , 18.3079 , 2.8531]
       - orientation : [0.707107 , 0.707107 , -3.77607e-07 , 2.64892e-07]
  RingCirclePositionError : 0
  position_error : 0.0987608
  orientation_error : 1.26931e-06
  found_in_gazebo : 1

 ErrorResults 
  stamp : 2025-11-29T17:41:23Z
  target_type : Ring_red
  model_name : Ring_red
  pose : 
       - position : [-9.97281 , 18.9204 , 2.94818]
       - orientation : [0.707107 , 0.707107 , 1.11722e-07 , -8.20328e-08]
  RingCirclePositionError : 0.698512
  position_error : 0.0987608
  orientation_error : 0
  found_in_gazebo : 1

 ErrorResults 
  stamp : 2025-11-29T17:41:23Z
  target_type : Ring_red
  model_name : Ring_red
  pose : 
       - position : [-9.65084 , 18.3079 , 2.8531]
       - orientation : [0.707107 , 0.707107 , -3.77607e-07 , 2.64892e-07]
  RingCirclePositionError : 0
  position_error : 0.0987608
  orientation_error : 1.26931e-06
  found_in_gazebo : 1

 ErrorResults 
  stamp : 2025-11-29T17:41:26Z
  target_type : Ring_red
  model_name : Ring_red
  pose : 
       - position : [-9.97281 , 18.9204 , 2.94818]
       - orientation : [0.707107 , 0.707107 , 1.11722e-07 , -8.20328e-08]
  RingCirclePositionError : 0.698512
  position_error : 0.0987608
  orientation_error : 0
  found_in_gazebo : 1

 ErrorResults 
  stamp : 2025-11-29T17:41:26Z
  target_type : Ring_red
  model_name : Ring_red
  pose : 
       - position : [-9.65084 , 18.3079 , 2.8531]
       - orientation : [0.707107 , 0.707107 , -3.77607e-07 , 2.64892e-07]
  RingCirclePositionError : 0
  position_error : 0.0987608
  orientation_error : 1.26931e-06
  found_in_gazebo : 1

 ErrorResults 
  stamp : 2025-11-29T17:41:27Z
  target_type : Ring_red
  model_name : Ring_red
  pose : 
       - position : [-9.97281 , 18.9204 , 2.94818]
       - orientation : [0.707107 , 0.707107 , 1.11722e-07 , -8.20328e-08]
  RingCirclePositionError : 0.698512
  position_error : 0.0987608
  orientation_error : 0
  found_in_gazebo : 1

 ErrorResults 
  stamp : 2025-11-29T17:41:27Z
  target_type : Ring_red
  model_name : Ring_red
  pose : 
       - position : [-9.65084 , 18.3079 , 2.8531]
       - orientation : [0.707107 , 0.707107 , -3.77607e-07 , 2.64892e-07]
  RingCirclePositionError : 0
  position_error : 0.0987608
  orientation_error : 1.26931e-06
  found_in_gazebo : 1

 ErrorResults 
  stamp : 2025-11-29T17:41:27Z
  target_type : Ring_red
  model_name : Ring_red
  pose : 
       - position : [-9.97281 , 18.9204 , 2.94818]
       - orientation : [0.707107 , 0.707107 , 1.11722e-07 , -8.20328e-08]
  RingCirclePositionError : 0.698512
  position_error : 0.0987608
  orientation_error : 0
  found_in_gazebo : 1

 ErrorResults 
  stamp : 2025-11-29T17:41:27Z
  target_type : Ring_red
  model_name : Ring_red
  pose : 
       - position : [-9.65084 , 18.3079 , 2.8531]
       - orientation : [0.707107 , 0.707107 , -3.77607e-07 , 2.64892e-07]
  RingCirclePositionError : 0
  position_error : 0.0987608
  orientation_error : 1.26931e-06
  found_in_gazebo : 1

 ErrorResults 
  stamp : 2025-11-29T17:41:31Z
  target_type : Ring_red
  model_name : Ring_red
  pose : 
       - position : [-9.97281 , 18.9204 , 2.94818]
       - orientation : [0.707107 , 0.707107 , 1.11722e-07 , -8.20328e-08]
  RingCirclePositionError : 0.698512
  position_error : 0.0987608
  orientation_error : 0
  found_in_gazebo : 1

 ErrorResults 
  stamp : 2025-11-29T17:41:31Z
  target_type : Ring_red
  model_name : Ring_red
  pose : 
       - position : [-9.65084 , 18.3079 , 2.8531]
       - orientation : [0.707107 , 0.707107 , -3.77607e-07 , 2.64892e-07]
  RingCirclePositionError : 0
  position_error : 0.0987608
  orientation_error : 1.26931e-06
  found_in_gazebo : 1

 ErrorResults 
  stamp : 2025-11-29T17:41:31Z
  target_type : Ring_red
  model_name : Ring_red
  pose : 
       - position : [-9.97281 , 18.9204 , 2.94818]
       - orientation : [0.707107 , 0.707107 , 1.11722e-07 , -8.20328e-08]
  RingCirclePositionError : 0.698512
  position_error : 0.0987608
  orientation_error : 0
  found_in_gazebo : 1

 ErrorResults 
  stamp : 2025-11-29T17:41:31Z
  target_type : Ring_red
  model_name : Ring_red
  pose : 
       - position : [-9.65084 , 18.3079 , 2.8531]
       - orientation : [0.707107 , 0.707107 , -3.77607e-07 , 2.64892e-07]
  RingCirclePositionError : 0
  position_error : 0.0987608
  orientation_error : 1.26931e-06
  found_in_gazebo : 1

 ErrorResults 
  stamp : 2025-11-29T17:41:35Z
  target_type : Ring_red
  model_name : Ring_red
  pose : 
       - position : [-9.97281 , 18.9204 , 2.94818]
       - orientation : [0.707107 , 0.707107 , 1.11722e-07 , -8.20328e-08]
  RingCirclePositionError : 0.698512
  position_error : 0.0987608
  orientation_error : 0
  found_in_gazebo : 1

 ErrorResults 
  stamp : 2025-11-29T17:41:35Z
  target_type : Ring_red
  model_name : Ring_red
  pose : 
       - position : [-9.65084 , 18.3079 , 2.8531]
       - orientation : [0.707107 , 0.707107 , -3.77607e-07 , 2.64892e-07]
  RingCirclePositionError : 0
  position_error : 0.0987608
  orientation_error : 1.26931e-06
  found_in_gazebo : 1

 ErrorResults 
  stamp : 2025-11-29T17:41:35Z
  target_type : Ring_red
  model_name : Ring_red
  pose : 
       - position : [-9.97281 , 18.9204 , 2.94818]
       - orientation : [0.707107 , 0.707107 , 1.11722e-07 , -8.20328e-08]
  RingCirclePositionError : 0.698512
  position_error : 0.0987608
  orientation_error : 0
  found_in_gazebo : 1

 ErrorResults 
  stamp : 2025-11-29T17:41:35Z
  target_type : Ring_red
  model_name : Ring_red
  pose : 
       - position : [-9.65084 , 18.3079 , 2.8531]
       - orientation : [0.707107 , 0.707107 , -3.77607e-07 , 2.64892e-07]
  RingCirclePositionError : 0
  position_error : 0.0987608
  orientation_error : 1.26931e-06
  found_in_gazebo : 1

 ErrorResults 
  stamp : 2025-11-29T17:41:39Z
  target_type : Ring_red
  model_name : Ring_red
  pose : 
       - position : [-9.97281 , 18.9204 , 2.94818]
       - orientation : [0.707107 , 0.707107 , 1.11722e-07 , -8.20328e-08]
  RingCirclePositionError : 0.698512
  position_error : 0.0987608
  orientation_error : 0
  found_in_gazebo : 1

 ErrorResults 
  stamp : 2025-11-29T17:41:39Z
  target_type : Ring_red
  model_name : Ring_red
  pose : 
       - position : [-9.65084 , 18.3079 , 2.8531]
       - orientation : [0.707107 , 0.707107 , -3.77607e-07 , 2.64892e-07]
  RingCirclePositionError : 0
  position_error : 0.0987608
  orientation_error : 1.26931e-06
  found_in_gazebo : 1

 ErrorResults 
  stamp : 2025-11-29T17:41:39Z
  target_type : Ring_red
  model_name : Ring_red
  pose : 
       - position : [-9.97281 , 18.9204 , 2.94818]
       - orientation : [0.707107 , 0.707107 , 1.11722e-07 , -8.20328e-08]
  RingCirclePositionError : 0.698512
  position_error : 0.0987608
  orientation_error : 0
  found_in_gazebo : 1

 ErrorResults 
  stamp : 2025-11-29T17:41:39Z
  target_type : Ring_red
  model_name : Ring_red
  pose : 
       - position : [-9.65084 , 18.3079 , 2.8531]
       - orientation : [0.707107 , 0.707107 , -3.77607e-07 , 2.64892e-07]
  RingCirclePositionError : 0
  position_error : 0.0987608
  orientation_error : 1.26931e-06
  found_in_gazebo : 1

 ErrorResults 
  stamp : 2025-11-29T17:41:43Z
  target_type : Ring_red
  model_name : Ring_red
  pose : 
       - position : [-9.97281 , 18.9204 , 2.94818]
       - orientation : [0.707107 , 0.707107 , 1.11722e-07 , -8.20328e-08]
  RingCirclePositionError : 0.698512
  position_error : 0.0987608
  orientation_error : 0
  found_in_gazebo : 1

 ErrorResults 
  stamp : 2025-11-29T17:41:43Z
  target_type : Ring_red
  model_name : Ring_red
  pose : 
       - position : [-9.65084 , 18.3079 , 2.8531]
       - orientation : [0.707107 , 0.707107 , -3.77607e-07 , 2.64892e-07]
  RingCirclePositionError : 0
  position_error : 0.0987608
  orientation_error : 1.26931e-06
  found_in_gazebo : 1

 ErrorResults 
  stamp : 2025-11-29T17:41:43Z
  target_type : Ring_red
  model_name : Ring_red
  pose : 
       - position : [-9.97281 , 18.9204 , 2.94818]
       - orientation : [0.707107 , 0.707107 , 1.11722e-07 , -8.20328e-08]
  RingCirclePositionError : 0.698512
  position_error : 0.0987608
  orientation_error : 0
  found_in_gazebo : 1

 ErrorResults 
  stamp : 2025-11-29T17:41:43Z
  target_type : Ring_red
  model_name : Ring_red
  pose : 
       - position : [-9.65084 , 18.3079 , 2.8531]
       - orientation : [0.707107 , 0.707107 , -3.77607e-07 , 2.64892e-07]
  RingCirclePositionError : 0
  position_error : 0.0987608
  orientation_error : 1.26931e-06
  found_in_gazebo : 1

 ErrorResults 
  stamp : 2025-11-29T17:41:46Z
  target_type : Ring_red
  model_name : Ring_red
  pose : 
       - position : [-9.97281 , 18.9204 , 2.94818]
       - orientation : [0.707107 , 0.707107 , 1.11722e-07 , -8.20328e-08]
  RingCirclePositionError : 0.698512
  position_error : 0.0987608
  orientation_error : 0
  found_in_gazebo : 1

 ErrorResults 
  stamp : 2025-11-29T17:41:46Z
  target_type : Ring_red
  model_name : Ring_red
  pose : 
       - position : [-9.65084 , 18.3079 , 2.8531]
       - orientation : [0.707107 , 0.707107 , -3.77607e-07 , 2.64892e-07]
  RingCirclePositionError : 0
  position_error : 0.0987608
  orientation_error : 1.26931e-06
  found_in_gazebo : 1

 ErrorResults 
  stamp : 2025-11-29T17:41:47Z
  target_type : Ring_red
  model_name : Ring_red
  pose : 
       - position : [-9.97281 , 18.9204 , 2.94818]
       - orientation : [0.707107 , 0.707107 , 1.11722e-07 , -8.20328e-08]
  RingCirclePositionError : 0.698512
  position_error : 0.0987608
  orientation_error : 0
  found_in_gazebo : 1

 ErrorResults 
  stamp : 2025-11-29T17:41:47Z
  target_type : Ring_red
  model_name : Ring_red
  pose : 
       - position : [-9.65084 , 18.3079 , 2.8531]
       - orientation : [0.707107 , 0.707107 , -3.77607e-07 , 2.64892e-07]
  RingCirclePositionError : 0
  position_error : 0.0987608
  orientation_error : 1.26931e-06
  found_in_gazebo : 1

 ErrorResults 
  stamp : 2025-11-29T17:41:47Z
  target_type : Ring_red
  model_name : Ring_red
  pose : 
       - position : [-9.97281 , 18.9204 , 2.94818]
       - orientation : [0.707107 , 0.707107 , 1.11722e-07 , -8.20328e-08]
  RingCirclePositionError : 0.698512
  position_error : 0.0987608
  orientation_error : 0
  found_in_gazebo : 1

 ErrorResults 
  stamp : 2025-11-29T17:41:47Z
  target_type : Ring_red
  model_name : Ring_red
  pose : 
       - position : [-9.65084 , 18.3079 , 2.8531]
       - orientation : [0.707107 , 0.707107 , -3.77607e-07 , 2.64892e-07]
  RingCirclePositionError : 0
  position_error : 0.0987608
  orientation_error : 1.26931e-06
  found_in_gazebo : 1

